<?xml version="1.0" encoding="UTF-8"?>
<testsuite xmlns:xsi="http://www.w3.org/2001/XMLSchema-instance" xsi:noNamespaceSchemaLocation="https://maven.apache.org/surefire/maven-surefire-plugin/xsd/surefire-test-report-3.0.xsd" version="3.0" name="edu.brown.cs.student.main.TestSoupAPIUtilities" time="0.627" tests="2" errors="0" skipped="0" failures="0">
  <properties>
[...]
</properties>
  <testcase name="testTo_ValidSoup" classname="edu.brown.cs.student.main.TestSoupAPIUtilities" time="0.576"/>
  <testcase name="testFrom_ValidIngredientsList" classname="edu.brown.cs.student.main.TestSoupAPIUtilities" time="0.005"/>
</testsuite>